src/structures/LavalinkManager.ts(241,16): error TS2339: Property 'tracks' does not exist on type 'SearchResult'.
src/structures/LavalinkManager.ts(241,33): error TS2339: Property 'tracks' does not exist on type 'SearchResult'.
src/structures/LavalinkManager.ts(242,37): error TS2339: Property 'tracks' does not exist on type 'SearchResult'.
src/structures/LavalinkManager.ts(242,48): error TS7006: Parameter 'track' implicitly has an 'any' type.
src/structures/LavalinkManager.ts(244,52): error TS2339: Property 'playlist' does not exist on type 'SearchResult'.
src/structures/LavalinkManager.ts(258,14): error TS2339: Property 'tracks' does not exist on type 'SearchResult'.

DTS Build failed
DTS Build start
ESM dist/index.mjs     35.17 KB
ESM dist/index.mjs.map 84.50 KB
ESM ⚡️ Build success in 3347ms
CJS dist/index.js     35.61 KB
CJS dist/index.js.map 84.53 KB
CJS ⚡️ Build success in 3476ms
RollupError: [plugin dts] src/structures/LavalinkManager.ts: Failed to compile. Check the logs above.
    at getRollupError (/home/runner/workspace/node_modules/rollup/dist/shared/parseAst.js:285:41)
    at Object.error (/home/runner/workspace/node_modules/rollup/dist/shared/parseAst.js:281:42)
    at Object.error (/home/runner/workspace/node_modules/rollup/dist/shared/rollup.js:913:32)
    at Object.error (/home/runner/workspace/node_modules/rollup/dist/shared/rollup.js:22401:42)
    at generateDtsFromTs (/home/runner/workspace/node_modules/tsup/dist/rollup.js:6429:22)
    at /home/runner/workspace/node_modules/tsup/dist/rollup.js:6436:59
    at _nullishCoalesce (/home/runner/workspace/node_modules/tsup/dist/rollup.js:1:472)
    at Object.transform (/home/runner/workspace/node_modules/tsup/dist/rollup.js:6436:18)
    at /home/runner/workspace/node_modules/rollup/dist/shared/rollup.js:3392:40
src/structures/LavalinkManager.ts(242,23): error TS2304: Cannot find name 'PlaylistInfo'.

DTS Build failed
RollupError: [plugin dts] src/structures/LavalinkManager.ts: Failed to compile. Check the logs above.
    at getRollupError (/home/runner/workspace/node_modules/rollup/dist/shared/parseAst.js:285:41)
    at Object.error (/home/runner/workspace/node_modules/rollup/dist/shared/parseAst.js:281:42)
    at Object.error (/home/runner/workspace/node_modules/rollup/dist/shared/rollup.js:913:32)
    at Object.error (/home/runner/workspace/node_modules/rollup/dist/shared/rollup.js:22401:42)
    at generateDtsFromTs (/home/runner/workspace/node_modules/tsup/dist/rollup.js:6429:22)
    at /home/runner/workspace/node_modules/tsup/dist/rollup.js:6436:59
    at _nullishCoalesce (/home/runner/workspace/node_modules/tsup/dist/rollup.js:1:472)
    at Object.transform (/home/runner/workspace/node_modules/tsup/dist/rollup.js:6436:18)
    at /home/runner/workspace/node_modules/rollup/dist/shared/rollup.js:3392:40
CLI Change detected: change src/structures/LavalinkManager.ts
CLI Cleaning output folder
CJS Build start
ESM Build start
ESM You have emitDecoratorMetadata enabled but @swc/core was not installed, skipping swc plugin
ESM You have emitDecoratorMetadata enabled but @swc/core was not installed, skipping swc plugin
ESM dist/index.mjs     35.17 KB
ESM dist/index.mjs.map 84.52 KB
ESM ⚡️ Build success in 239ms
CJS dist/index.js     35.61 KB
CJS dist/index.js.map 84.54 KB
CJS ⚡️ Build success in 240ms
CLI Change detected: change src/index.ts
DTS Build start
CLI Cleaning output folder
CJS Build start
ESM Build start
ESM You have emitDecoratorMetadata enabled but @swc/core was not installed, skipping swc plugin
ESM You have emitDecoratorMetadata enabled but @swc/core was not installed, skipping swc plugin
ESM dist/index.mjs     35.94 KB
ESM dist/index.mjs.map 90.67 KB
ESM ⚡️ Build success in 1549ms
CJS dist/index.js     36.40 KB
CJS dist/index.js.map 90.70 KB
CJS ⚡️ Build success in 1550ms
src/index.ts(12,10): error TS2300: Duplicate identifier 'DestroyReasons'.
src/index.ts(42,3): error TS2300: Duplicate identifier 'DestroyReasons'.

DTS Build failed
RollupError: [plugin dts] src/index.ts: Failed to compile. Check the logs above.
    at getRollupError (/home/runner/workspace/node_modules/rollup/dist/shared/parseAst.js:285:41)
    at Object.error (/home/runner/workspace/node_modules/rollup/dist/shared/parseAst.js:281:42)
    at Object.error (/home/runner/workspace/node_modules/rollup/dist/shared/rollup.js:913:32)
    at Object.error (/home/runner/workspace/node_modules/rollup/dist/shared/rollup.js:22401:42)
    at generateDtsFromTs (/home/runner/workspace/node_modules/tsup/dist/rollup.js:6429:22)
    at /home/runner/workspace/node_modules/tsup/dist/rollup.js:6436:59
    at _nullishCoalesce (/home/runner/workspace/node_modules/tsup/dist/rollup.js:1:472)
    at Object.transform (/home/runner/workspace/node_modules/tsup/dist/rollup.js:6436:18)
    at /home/runner/workspace/node_modules/rollup/dist/shared/rollup.js:3392:40
